<?xml version="1.0" encoding="UTF-8" ?>
<testsuite tests="1" failures="1" name="com.dilki.fashionbugtestproject.RegisterTest" time="66.258" errors="0" skipped="0">
  <properties>
[...]
</properties>
  <testcase classname="com.dilki.fashionbugtestproject.RegisterTest" name="com.dilki.fashionbugtestproject.RegisterTest.testRegisterMembers" time="66.258">
    <failure message="The test case is a prototype." type="org.opentest4j.AssertionFailedError">org.opentest4j.AssertionFailedError: The test case is a prototype.
	at org.junit.jupiter.api.AssertionUtils.fail(AssertionUtils.java:39)
	at org.junit.jupiter.api.Assertions.fail(Assertions.java:109)
	at com.dilki.fashionbugtestproject.RegisterTest.testRegisterMembers(RegisterTest.java:28)
</failure>
    <system-out>registerMembers
Insert Failed
</system-out>
    <system-err>Starting ChromeDriver 110.0.5481.77 (65ed616c6e8ee3fe0ad64fe83796c020644d42af-refs/branch-heads/5481@{#839}) on port 42381
Only local connections are allowed.
Please see https://chromedriver.chromium.org/security-considerations for suggestions on keeping ChromeDriver safe.
ChromeDriver was started successfully.
[1677420709.010][WARNING]: virtual void DevToolsClientImpl::AddListener(DevToolsEventListener *) subscribing a listener to the already connected DevToolsClient. Connection notification will not arrive.
Feb 26, 2023 7:41:52 PM org.openqa.selenium.remote.ProtocolHandshake createSession
INFO: Detected dialect: W3C
</system-err>
  </testcase>
</testsuite>